<?xml version="1.0" encoding="UTF-8"?>
<!-- Generated by org.testng.reporters.JUnitReportReporter -->
<testsuite hostname="LemonSweet-PC" name="testcase.NewTest" tests="1" failures="0" timestamp="31 Aug 2016 16:32:35 GMT" time="9.406" errors="0">
  <testcase name="f" time="9.406" classname="testcase.NewTest"/>
</testsuite> <!-- testcase.NewTest -->
